<?xml version="1.0" encoding="UTF-8"?>
<!-- Generated by org.testng.reporters.JUnitReportReporter -->
<testsuite hostname="DESKTOP-GRTQPMS" name="cucumberOptions.TestRunner" tests="1" failures="0" timestamp="23 Apr 2020 01:23:45 GMT" time="41.532" errors="0">
  <testcase name="feature" time="41.532" classname="cucumberOptions.TestRunner"/>
</testsuite> <!-- cucumberOptions.TestRunner -->
